<?xml version="1.0" encoding="UTF-8"?>
<!-- Generated by org.testng.reporters.JUnitReportReporter -->
<testsuite skipped="0" hostname="JCPSIJGDQ" name="EggTimerTest.CountdownTimer" tests="1" failures="0" timestamp="09 Jul 2020 15:27:05 GMT" time="39.595" errors="0">
  <testcase name="HomePage" time="39.595" classname="EggTimerTest.CountdownTimer"/>
</testsuite> <!-- EggTimerTest.CountdownTimer -->
